<?xml version="1.0" encoding="UTF-8"?>
<testsuite xmlns:xsi="http://www.w3.org/2001/XMLSchema-instance" xsi:noNamespaceSchemaLocation="https://maven.apache.org/surefire/maven-surefire-plugin/xsd/surefire-test-report-3.0.xsd" version="3.0" name="com.maprun.results.web.ResultsControllerTest" time="0.955" tests="5" errors="0" skipped="0" failures="0">
  <properties>
[...]
</properties>
  <testcase name="returns400WhenUpstreamReturnsEmptyBody" classname="com.maprun.results.web.ResultsControllerTest" time="0.061">
    <system-out><![CDATA[13:43:36.914 [main] INFO org.springframework.test.context.support.AnnotationConfigContextLoaderUtils -- Could not detect default configuration classes for test class [com.maprun.results.web.ResultsControllerTest]: ResultsControllerTest does not declare any static, non-private, non-final, nested classes annotated with @Configuration.
13:43:36.965 [main] INFO org.springframework.boot.test.context.SpringBootTestContextBootstrapper -- Found @SpringBootConfiguration com.maprun.results.MapRunResultsApplication for test class com.maprun.results.web.ResultsControllerTest

  .   ____          _            __ _ _
 /\\ / ___'_ __ _ _(_)_ __  __ _ \ \ \ \
( ( )\___ | '_ | '_| | '_ \/ _` | \ \ \ \
 \\/  ___)| |_)| | | | | || (_| |  ) ) ) )
  '  |____| .__|_| |_|_| |_\__, | / / / /
 =========|_|==============|___/=/_/_/_/

 :: Spring Boot ::                (v3.3.5)

2026-07-12T13:43:37.076+01:00  INFO 57149 --- [           main] c.m.results.web.ResultsControllerTest    : Starting ResultsControllerTest using Java 25.0.1 with PID 57149 (started by john in /Volumes/Users/john/Development/SummResults/backend)
2026-07-12T13:43:37.077+01:00  INFO 57149 --- [           main] c.m.results.web.ResultsControllerTest    : No active profile set, falling back to 1 default profile: "default"
2026-07-12T13:43:37.724+01:00  INFO 57149 --- [           main] o.s.b.t.m.w.SpringBootMockServletContext : Initializing Spring TestDispatcherServlet ''
2026-07-12T13:43:37.724+01:00  INFO 57149 --- [           main] o.s.t.web.servlet.TestDispatcherServlet  : Initializing Servlet ''
2026-07-12T13:43:37.724+01:00  INFO 57149 --- [           main] o.s.t.web.servlet.TestDispatcherServlet  : Completed initialization in 0 ms
2026-07-12T13:43:37.732+01:00  INFO 57149 --- [           main] c.m.results.web.ResultsControllerTest    : Started ResultsControllerTest in 0.747 seconds (process running for 1.092)
]]></system-out>
    <system-err><![CDATA[WARNING: A Java agent has been loaded dynamically (/Volumes/Users/john/.m2/repository/net/bytebuddy/byte-buddy-agent/1.14.19/byte-buddy-agent-1.14.19.jar)
WARNING: If a serviceability tool is in use, please run with -XX:+EnableDynamicAgentLoading to hide this warning
WARNING: If a serviceability tool is not in use, please run with -Djdk.instrument.traceUsage for more information
WARNING: Dynamic loading of agents will be disallowed by default in a future release
]]></system-err>
  </testcase>
  <testcase name="returns502ForUpstreamHttpError" classname="com.maprun.results.web.ResultsControllerTest" time="0.002"/>
  <testcase name="returns400WhenDay2EventIdAbsent" classname="com.maprun.results.web.ResultsControllerTest" time="0.001"/>
  <testcase name="returns400WhenDay1EventIdAbsent" classname="com.maprun.results.web.ResultsControllerTest" time="0.001"/>
  <testcase name="returns200WithCorrectJsonOnSuccess" classname="com.maprun.results.web.ResultsControllerTest" time="0.013"/>
</testsuite>